<?xml version="1.0" encoding="UTF-8"?>
<!-- Generated by org.testng.reporters.JUnitReportReporter -->
<testsuite hostname="GS-6011" failures="0" tests="12" name="day1.ClassA" time="0.026" errors="0" timestamp="2022-11-21T10:38:33 IST" skipped="1">
  <testcase classname="day1.ClassA" name="Test3" time="0.011"/>
  <system-out/>
  <testcase classname="day1.ClassA" name="Test6" time="0.001"/>
  <system-out/>
  <testcase classname="day1.ClassA" name="Test7" time="0.002"/>
  <system-out/>
  <testcase classname="day1.ClassA" name="getdatatomethod" time="0.002"/>
  <system-out/>
  <testcase classname="day1.ClassA" name="Test8" time="0.001"/>
  <system-out/>
  <testcase classname="day1.ClassA" name="Test5" time="0.002"/>
  <system-out/>
  <testcase classname="day1.ClassA" name="getdatatomethod" time="0.001"/>
  <system-out/>
  <testcase classname="day1.ClassA" name="Test2" time="0.002"/>
  <system-out/>
  <testcase classname="day1.ClassA" name="Test9" time="0.001"/>
  <system-out/>
  <testcase classname="day1.ClassA" name="getdatatomethod" time="0.002"/>
  <system-out/>
  <testcase classname="day1.ClassA" name="Test1" time="0.001"/>
  <system-out/>
  <testcase classname="day1.ClassA" name="Test4">
    <skipped/>
  </testcase> <!-- Test4 -->
  <system-out/>
</testsuite> <!-- day1.ClassA -->
